[2024-07-24T22:26:27.487-0500] {taskinstance.py:1083} INFO - Dependencies all met for <TaskInstance: twitter_dag.complete_twitter_etl manual__2024-07-25T03:26:24.003117+00:00 [queued]>
[2024-07-24T22:26:27.498-0500] {taskinstance.py:1083} INFO - Dependencies all met for <TaskInstance: twitter_dag.complete_twitter_etl manual__2024-07-25T03:26:24.003117+00:00 [queued]>
[2024-07-24T22:26:27.498-0500] {taskinstance.py:1279} INFO - 
--------------------------------------------------------------------------------
[2024-07-24T22:26:27.498-0500] {taskinstance.py:1280} INFO - Starting attempt 1 of 2
[2024-07-24T22:26:27.498-0500] {taskinstance.py:1281} INFO - 
--------------------------------------------------------------------------------
[2024-07-24T22:26:27.580-0500] {taskinstance.py:1300} INFO - Executing <Task(PythonOperator): complete_twitter_etl> on 2024-07-25 03:26:24.003117+00:00
[2024-07-24T22:26:27.583-0500] {standard_task_runner.py:55} INFO - Started process 10455 to run task
[2024-07-24T22:26:27.587-0500] {standard_task_runner.py:82} INFO - Running: ['airflow', 'tasks', 'run', 'twitter_dag', 'complete_twitter_etl', 'manual__2024-07-25T03:26:24.003117+00:00', '--job-id', '13', '--raw', '--subdir', 'DAGS_FOLDER/twitter_dag.py', '--cfg-path', '/tmp/tmphh_x07oy']
[2024-07-24T22:26:27.588-0500] {standard_task_runner.py:83} INFO - Job 13: Subtask complete_twitter_etl
[2024-07-24T22:26:27.623-0500] {task_command.py:388} INFO - Running <TaskInstance: twitter_dag.complete_twitter_etl manual__2024-07-25T03:26:24.003117+00:00 [running]> on host LAPTOP-903098I1.
[2024-07-24T22:26:27.659-0500] {taskinstance.py:1507} INFO - Exporting the following env vars:
AIRFLOW_CTX_DAG_EMAIL=airflow@example.com
AIRFLOW_CTX_DAG_OWNER=airflow
AIRFLOW_CTX_DAG_ID=twitter_dag
AIRFLOW_CTX_TASK_ID=complete_twitter_etl
AIRFLOW_CTX_EXECUTION_DATE=2024-07-25T03:26:24.003117+00:00
AIRFLOW_CTX_TRY_NUMBER=1
AIRFLOW_CTX_DAG_RUN_ID=manual__2024-07-25T03:26:24.003117+00:00
[2024-07-24T22:26:27.679-0500] {python.py:177} INFO - Done. Returned value was: None
[2024-07-24T22:26:27.683-0500] {taskinstance.py:1318} INFO - Marking task as SUCCESS. dag_id=twitter_dag, task_id=complete_twitter_etl, execution_date=20240725T032624, start_date=20240725T032627, end_date=20240725T032627
[2024-07-24T22:26:27.720-0500] {local_task_job.py:208} INFO - Task exited with return code 0
[2024-07-24T22:26:27.728-0500] {taskinstance.py:2578} INFO - 0 downstream tasks scheduled from follow-on schedule check
